[03-Nov-2021 22:23:05 UTC] Sync process for Gutenberg Blocks has started.
[03-Nov-2021 22:23:05 UTC] CATEGORY:Importing categories..
[03-Nov-2021 22:23:05 UTC] CATEGORY:Storing in option ast-block-templates-categories
[03-Nov-2021 22:23:05 UTC] CATEGORY:Completed category import.
[03-Nov-2021 22:23:05 UTC] BLOCK: Getting Total Blocks
[03-Nov-2021 22:23:05 UTC] BLOCK: https://websitedemos.net/wp-json/astra-blocks/v1/get-blocks-count/?page_builder=gutenberg&wireframe=yes
[03-Nov-2021 22:23:05 UTC] BLOCK: Requests count 4
[03-Nov-2021 22:23:05 UTC] BLOCK: Importing request 1 ..
[03-Nov-2021 22:23:05 UTC] BLOCK: https://websitedemos.net/wp-json/astra-blocks/v1/blocks/?page_builder=gutenberg&per_page=100&page=1&wireframe=yes
[03-Nov-2021 22:23:06 UTC] BLOCK: Storing in option ast-block-templates-blocks-1
[03-Nov-2021 22:23:06 UTC] BLOCK: Completed request 1
[03-Nov-2021 22:23:06 UTC] BLOCK: Importing request 2 ..
[03-Nov-2021 22:23:06 UTC] BLOCK: https://websitedemos.net/wp-json/astra-blocks/v1/blocks/?page_builder=gutenberg&per_page=100&page=2&wireframe=yes
[03-Nov-2021 22:23:06 UTC] BLOCK: Storing in option ast-block-templates-blocks-2
[03-Nov-2021 22:23:06 UTC] BLOCK: Completed request 2
[03-Nov-2021 22:23:06 UTC] BLOCK: Importing request 3 ..
[03-Nov-2021 22:23:06 UTC] BLOCK: https://websitedemos.net/wp-json/astra-blocks/v1/blocks/?page_builder=gutenberg&per_page=100&page=3&wireframe=yes
[03-Nov-2021 22:23:06 UTC] BLOCK: Storing in option ast-block-templates-blocks-3
[03-Nov-2021 22:23:06 UTC] BLOCK: Completed request 3
[03-Nov-2021 22:23:06 UTC] BLOCK: Importing request 4 ..
[03-Nov-2021 22:23:06 UTC] BLOCK: https://websitedemos.net/wp-json/astra-blocks/v1/blocks/?page_builder=gutenberg&per_page=100&page=4&wireframe=yes
[03-Nov-2021 22:23:06 UTC] BLOCK: Storing in option ast-block-templates-blocks-4
[03-Nov-2021 22:23:06 UTC] BLOCK: Completed request 4
[03-Nov-2021 22:23:06 UTC] SITE: Getting Total Sites
[03-Nov-2021 22:23:06 UTC] SITE: https://websitedemos.net/wp-json/astra-sites/v1/get-total-pages/?page_builder=gutenberg
[03-Nov-2021 22:23:06 UTC] SITE: Request count 1
[03-Nov-2021 22:23:06 UTC] SITE: Importing request 1 ..
[03-Nov-2021 22:23:06 UTC] SITE: https://websitedemos.net/wp-json/astra-sites/v1/sites-and-pages/?per_page=100&page=1&page-builder=gutenberg
[03-Nov-2021 22:23:07 UTC] SITE: Storing in option ast-block-templates-sites-1
[03-Nov-2021 22:23:07 UTC] SITE: Completed request 1
[03-Nov-2021 22:23:07 UTC] Sync process for Gutenberg Blocks is done.
[10-Nov-2021 17:06:35 UTC] Sync process for Gutenberg Blocks has started.
[10-Nov-2021 17:06:35 UTC] CATEGORY:Importing categories..
[10-Nov-2021 17:06:36 UTC] CATEGORY:Storing in option ast-block-templates-categories
[10-Nov-2021 17:06:36 UTC] CATEGORY:Completed category import.
[10-Nov-2021 17:06:36 UTC] BLOCK: Getting Total Blocks
[10-Nov-2021 17:06:36 UTC] BLOCK: https://websitedemos.net/wp-json/astra-blocks/v1/get-blocks-count/?page_builder=gutenberg&wireframe=yes
[10-Nov-2021 17:06:36 UTC] BLOCK: Requests count 4
[10-Nov-2021 17:06:36 UTC] BLOCK: Importing request 1 ..
[10-Nov-2021 17:06:36 UTC] BLOCK: https://websitedemos.net/wp-json/astra-blocks/v1/blocks/?page_builder=gutenberg&per_page=100&page=1&wireframe=yes
[10-Nov-2021 17:06:36 UTC] BLOCK: Storing in option ast-block-templates-blocks-1
[10-Nov-2021 17:06:36 UTC] BLOCK: Completed request 1
[10-Nov-2021 17:06:36 UTC] BLOCK: Importing request 2 ..
[10-Nov-2021 17:06:36 UTC] BLOCK: https://websitedemos.net/wp-json/astra-blocks/v1/blocks/?page_builder=gutenberg&per_page=100&page=2&wireframe=yes
[10-Nov-2021 17:06:36 UTC] BLOCK: Storing in option ast-block-templates-blocks-2
[10-Nov-2021 17:06:36 UTC] BLOCK: Completed request 2
[10-Nov-2021 17:06:36 UTC] BLOCK: Importing request 3 ..
[10-Nov-2021 17:06:36 UTC] BLOCK: https://websitedemos.net/wp-json/astra-blocks/v1/blocks/?page_builder=gutenberg&per_page=100&page=3&wireframe=yes
[10-Nov-2021 17:06:36 UTC] BLOCK: Storing in option ast-block-templates-blocks-3
[10-Nov-2021 17:06:36 UTC] BLOCK: Completed request 3
[10-Nov-2021 17:06:36 UTC] BLOCK: Importing request 4 ..
[10-Nov-2021 17:06:36 UTC] BLOCK: https://websitedemos.net/wp-json/astra-blocks/v1/blocks/?page_builder=gutenberg&per_page=100&page=4&wireframe=yes
[10-Nov-2021 17:06:36 UTC] BLOCK: Storing in option ast-block-templates-blocks-4
[10-Nov-2021 17:06:36 UTC] BLOCK: Completed request 4
[10-Nov-2021 17:06:36 UTC] SITE: Getting Total Sites
[10-Nov-2021 17:06:36 UTC] SITE: https://websitedemos.net/wp-json/astra-sites/v1/get-total-pages/?page_builder=gutenberg
[10-Nov-2021 17:06:37 UTC] SITE: Request count 1
[10-Nov-2021 17:06:37 UTC] SITE: Importing request 1 ..
[10-Nov-2021 17:06:37 UTC] SITE: https://websitedemos.net/wp-json/astra-sites/v1/sites-and-pages/?per_page=100&page=1&page-builder=gutenberg
[10-Nov-2021 17:06:37 UTC] SITE: Storing in option ast-block-templates-sites-1
[10-Nov-2021 17:06:37 UTC] SITE: Completed request 1
[10-Nov-2021 17:06:37 UTC] Sync process for Gutenberg Blocks is done.
[11-Nov-2021 22:54:53 UTC] PHP Warning:  call_user_func_array() expects parameter 1 to be a valid callback, class 'FloatToTopButton' not found in C:\Users\diogo\Local Sites\gaalia\app\public\wp-includes\class-wp-hook.php on line 303
[11-Nov-2021 22:54:53 UTC] PHP Stack trace:
[11-Nov-2021 22:54:53 UTC] PHP   1. {main}() C:\Users\diogo\Local Sites\gaalia\app\public\wp-admin\admin-ajax.php:0
[11-Nov-2021 22:54:53 UTC] PHP   2. do_action() C:\Users\diogo\Local Sites\gaalia\app\public\wp-admin\admin-ajax.php:187
[11-Nov-2021 22:54:53 UTC] PHP   3. WP_Hook->do_action() C:\Users\diogo\Local Sites\gaalia\app\public\wp-includes\plugin.php:470
[11-Nov-2021 22:54:53 UTC] PHP   4. WP_Hook->apply_filters() C:\Users\diogo\Local Sites\gaalia\app\public\wp-includes\class-wp-hook.php:327
[11-Nov-2021 22:54:53 UTC] PHP   5. wp_ajax_delete_plugin() C:\Users\diogo\Local Sites\gaalia\app\public\wp-includes\class-wp-hook.php:303
[11-Nov-2021 22:54:53 UTC] PHP   6. delete_plugins() C:\Users\diogo\Local Sites\gaalia\app\public\wp-admin\includes\ajax-actions.php:4598
[11-Nov-2021 22:54:53 UTC] PHP   7. uninstall_plugin() C:\Users\diogo\Local Sites\gaalia\app\public\wp-admin\includes\plugin.php:965
[11-Nov-2021 22:54:53 UTC] PHP   8. do_action() C:\Users\diogo\Local Sites\gaalia\app\public\wp-admin\includes\plugin.php:1272
[11-Nov-2021 22:54:53 UTC] PHP   9. WP_Hook->do_action() C:\Users\diogo\Local Sites\gaalia\app\public\wp-includes\plugin.php:470
[11-Nov-2021 22:54:53 UTC] PHP  10. WP_Hook->apply_filters() C:\Users\diogo\Local Sites\gaalia\app\public\wp-includes\class-wp-hook.php:327
